<?xml version="1.0" encoding="UTF-8"?>
<coverage generated="1786705052667" clover="3.2.0">
  <project timestamp="1786705052668" name="All files">
    <metrics statements="11" coveredstatements="11" conditionals="11" coveredconditionals="11" methods="5" coveredmethods="5" elements="27" coveredelements="27" complexity="0" loc="11" ncloc="11" packages="1" files="2" classes="2"/>
    <file name="registration.ts" path="/Users/mac/Desktop/Student Management System/Frontend/src/utils/registration.ts">
      <metrics statements="7" coveredstatements="7" conditionals="6" coveredconditionals="6" methods="1" coveredmethods="1"/>
      <line num="10" count="8" type="cond" truecount="2" falsecount="0"/>
      <line num="11" count="4" type="stmt"/>
      <line num="14" count="4" type="cond" truecount="2" falsecount="0"/>
      <line num="15" count="2" type="stmt"/>
      <line num="18" count="2" type="cond" truecount="2" falsecount="0"/>
      <line num="19" count="1" type="stmt"/>
      <line num="22" count="1" type="stmt"/>
    </file>
    <file name="validation.ts" path="/Users/mac/Desktop/Student Management System/Frontend/src/utils/validation.ts">
      <metrics statements="4" coveredstatements="4" conditionals="5" coveredconditionals="5" methods="4" coveredmethods="4"/>
      <line num="3" count="5" type="stmt"/>
      <line num="8" count="7" type="stmt"/>
      <line num="21" count="7" type="stmt"/>
      <line num="28" count="5" type="stmt"/>
    </file>
  </project>
</coverage>
