{"/Users/mac/Desktop/Student Management System/Frontend/src/utils/registration.ts": {"path":"/Users/mac/Desktop/Student Management System/Frontend/src/utils/registration.ts","statementMap":{"0":{"start":{"line":10,"column":2},"end":{"line":12,"column":null}},"1":{"start":{"line":11,"column":4},"end":{"line":11,"column":null}},"2":{"start":{"line":14,"column":2},"end":{"line":16,"column":null}},"3":{"start":{"line":15,"column":4},"end":{"line":15,"column":null}},"4":{"start":{"line":18,"column":2},"end":{"line":20,"column":null}},"5":{"start":{"line":19,"column":4},"end":{"line":19,"column":null}},"6":{"start":{"line":22,"column":2},"end":{"line":22,"column":null}}},"fnMap":{"0":{"name":"checkRegistrationEligibility","decl":{"start":{"line":7,"column":16},"end":{"line":7,"column":null}},"loc":{"start":{"line":9,"column":10},"end":{"line":23,"column":null}},"line":9}},"branchMap":{"0":{"loc":{"start":{"line":10,"column":2},"end":{"line":12,"column":null}},"type":"if","locations":[{"start":{"line":10,"column":2},"end":{"line":12,"column":null}},{"start":{},"end":{}}],"line":10},"1":{"loc":{"start":{"line":14,"column":2},"end":{"line":16,"column":null}},"type":"if","locations":[{"start":{"line":14,"column":2},"end":{"line":16,"column":null}},{"start":{},"end":{}}],"line":14},"2":{"loc":{"start":{"line":18,"column":2},"end":{"line":20,"column":null}},"type":"if","locations":[{"start":{"line":18,"column":2},"end":{"line":20,"column":null}},{"start":{},"end":{}}],"line":18}},"s":{"0":8,"1":4,"2":4,"3":2,"4":2,"5":1,"6":1},"f":{"0":8},"b":{"0":[4,4],"1":[2,2],"2":[1,1]},"meta":{"lastBranch":3,"lastFunction":1,"lastStatement":7,"seen":{"f:7:16:7:Infinity":0,"b:10:2:12:Infinity:undefined:undefined:undefined:undefined":0,"s:10:2:12:Infinity":0,"s:11:4:11:Infinity":1,"b:14:2:16:Infinity:undefined:undefined:undefined:undefined":1,"s:14:2:16:Infinity":2,"s:15:4:15:Infinity":3,"b:18:2:20:Infinity:undefined:undefined:undefined:undefined":2,"s:18:2:20:Infinity":4,"s:19:4:19:Infinity":5,"s:22:2:22:Infinity":6},"fnNames":{}}}
,"/Users/mac/Desktop/Student Management System/Frontend/src/utils/validation.ts": {"path":"/Users/mac/Desktop/Student Management System/Frontend/src/utils/validation.ts","statementMap":{"0":{"start":{"line":3,"column":2},"end":{"line":3,"column":null}},"1":{"start":{"line":8,"column":2},"end":{"line":13,"column":null}},"2":{"start":{"line":21,"column":2},"end":{"line":21,"column":null}},"3":{"start":{"line":28,"column":2},"end":{"line":28,"column":null}}},"fnMap":{"0":{"name":"validateStudentId","decl":{"start":{"line":2,"column":16},"end":{"line":2,"column":34}},"loc":{"start":{"line":2,"column":62},"end":{"line":4,"column":null}},"line":2},"1":{"name":"validatePassword","decl":{"start":{"line":7,"column":16},"end":{"line":7,"column":33}},"loc":{"start":{"line":7,"column":60},"end":{"line":15,"column":null}},"line":7},"2":{"name":"validateTransactionNumber","decl":{"start":{"line":18,"column":16},"end":{"line":18,"column":null}},"loc":{"start":{"line":20,"column":11},"end":{"line":22,"column":null}},"line":20},"3":{"name":"validatePaymentScreenshot","decl":{"start":{"line":25,"column":16},"end":{"line":25,"column":null}},"loc":{"start":{"line":27,"column":11},"end":{"line":29,"column":null}},"line":27}},"branchMap":{"0":{"loc":{"start":{"line":9,"column":4},"end":{"line":13,"column":null}},"type":"binary-expr","locations":[{"start":{"line":9,"column":4},"end":{"line":9,"column":null}},{"start":{"line":10,"column":4},"end":{"line":10,"column":null}},{"start":{"line":11,"column":4},"end":{"line":11,"column":null}},{"start":{"line":12,"column":4},"end":{"line":12,"column":null}},{"start":{"line":13,"column":4},"end":{"line":13,"column":null}}],"line":9}},"s":{"0":5,"1":7,"2":7,"3":5},"f":{"0":5,"1":7,"2":7,"3":5},"b":{"0":[7,5,4,3,3]},"meta":{"lastBranch":1,"lastFunction":4,"lastStatement":4,"seen":{"f:2:16:2:34":0,"s:3:2:3:Infinity":0,"f:7:16:7:33":1,"s:8:2:13:Infinity":1,"b:9:4:9:Infinity:10:4:10:Infinity:11:4:11:Infinity:12:4:12:Infinity:13:4:13:Infinity":0,"f:18:16:18:Infinity":2,"s:21:2:21:Infinity":2,"f:25:16:25:Infinity":3,"s:28:2:28:Infinity":3},"fnNames":{}}}
}
